{"logTime": "0223/165218", "correlationVector":"QYlWzvwMmEdA38U96fHnjw.0","action":"FeedSettingFetch_homeCloud", "result":"0", "context":{}}
{"logTime": "0223/165218", "correlationVector":"QYlWzvwMmEdA38U96fHnjw.0","action":"SyncServerConnectionManagerRequest", "result":"SYNC_SERVER_OK", "context":{"environment":"", "server":""}}
{"logTime": "0223/165218", "correlationVector":"oMmz5a17lRVhwjnsgJcq7O.1","action":"SyncServerConnectionManagerRequest", "result":"SYNC_SERVER_OK", "context":{"environment":"48F630A6-CB1B-4CC7-86AF-0F6627234B58", "server":"BN3PEPF0000088C"}}
{"logTime": "0223/165218", "correlationVector":"XdizHgohborJjg8Q+cP6gm.1","action":"SyncServerConnectionManagerRequest", "result":"SYNC_SERVER_OK", "context":{"environment":"48F630A6-CB1B-4CC7-86AF-0F6627234B58", "server":"BN3PEPF0000088C"}}
{"logTime": "0223/165218", "correlationVector":"oMmz5a17lRVhwjnsgJcq7O","action":"Initial GetUpdates", "result":""}
{"logTime": "0223/165218", "correlationVector":"oMmz5a17lRVhwjnsgJcq7O.2","action":"GetUpdates Response", "result":"SERVER_MORE_TO_DOWNLOAD"}
{"logTime": "0223/165218", "correlationVector":"XdizHgohborJjg8Q+cP6gm","action":"Initial GetUpdates", "result":""}
{"logTime": "0223/165219", "correlationVector":"XdizHgohborJjg8Q+cP6gm.2","action":"GetUpdates Response", "result":"SYNCER_OK"}
{"logTime": "0223/165239", "correlationVector":"WEH0OVV+py5K2eJL/2F5MM","action":"Initial GetUpdates", "result":""}
{"logTime": "0223/165241", "correlationVector":"WEH0OVV+py5K2eJL/2F5MM.1","action":"SyncServerConnectionManagerRequest", "result":"SYNC_SERVER_OK", "context":{"environment":"48F630A6-CB1B-4CC7-86AF-0F6627234B58|103", "server":"BN3PEPF0000087A"}}
{"logTime": "0223/165241", "correlationVector":"WEH0OVV+py5K2eJL/2F5MM.2","action":"GetUpdates Response", "result":"SERVER_MORE_TO_DOWNLOAD"}
{"logTime": "0223/165241", "correlationVector":"jGirmdWzAyrMt9jPZtMdht","action":"Initial GetUpdates", "result":""}
{"logTime": "0223/165242", "correlationVector":"jGirmdWzAyrMt9jPZtMdht.1","action":"SyncServerConnectionManagerRequest", "result":"SYNC_SERVER_OK", "context":{"environment":"48F630A6-CB1B-4CC7-86AF-0F6627234B58|103", "server":"BN3PEPF0000087A"}}
{"logTime": "0223/165242", "correlationVector":"jGirmdWzAyrMt9jPZtMdht.2","action":"GetUpdates Response", "result":"SYNCER_OK"}
{"logTime": "0223/165242", "correlationVector":"9nyoPwTuISNqvD3h7tAPiG","action":"Initial GetUpdates", "result":""}
{"logTime": "0223/165243", "correlationVector":"9nyoPwTuISNqvD3h7tAPiG.1","action":"SyncServerConnectionManagerRequest", "result":"SYNC_SERVER_OK", "context":{"environment":"48F630A6-CB1B-4CC7-86AF-0F6627234B58|103", "server":"BN3PEPF0000087A"}}
{"logTime": "0223/165243", "correlationVector":"9nyoPwTuISNqvD3h7tAPiG.2","action":"GetUpdates Response", "result":"SERVER_MORE_TO_DOWNLOAD"}
{"logTime": "0223/165243", "correlationVector":"f1HjSEm5GzbRg66LtWCAEz","action":"Initial GetUpdates", "result":""}
{"logTime": "0223/165243", "correlationVector":"f1HjSEm5GzbRg66LtWCAEz.1","action":"SyncServerConnectionManagerRequest", "result":"SYNC_SERVER_OK", "context":{"environment":"48F630A6-CB1B-4CC7-86AF-0F6627234B58|103", "server":"BN3PEPF0000087A"}}
{"logTime": "0223/165243", "correlationVector":"f1HjSEm5GzbRg66LtWCAEz.2","action":"GetUpdates Response", "result":"SYNCER_OK"}
{"logTime": "0223/165243", "correlationVector":"736EP2/wJArgJlJWsIP7C/","action":"Normal GetUpdate request", "result":""}
{"logTime": "0223/165243", "correlationVector":"736EP2/wJArgJlJWsIP7C/.1","action":"SyncServerConnectionManagerRequest", "result":"SYNC_SERVER_OK", "context":{"environment":"48F630A6-CB1B-4CC7-86AF-0F6627234B58|103", "server":"BN3PEPF0000087A"}}
{"logTime": "0223/165244", "correlationVector":"736EP2/wJArgJlJWsIP7C/.2","action":"GetUpdates Response", "result":"SYNCER_OK"}
{"logTime": "0223/165244", "correlationVector":"uJjzIxiTeZvX19KlrCwzap","action":"Commit Request", "result":""}
{"logTime": "0223/165244", "correlationVector":"uJjzIxiTeZvX19KlrCwzap.1","action":"SyncServerConnectionManagerRequest", "result":"SYNC_SERVER_OK", "context":{"environment":"48F630A6-CB1B-4CC7-86AF-0F6627234B58|103", "server":"BN3PEPF0000087A"}}
{"logTime": "0223/165244", "correlationVector":"uJjzIxiTeZvX19KlrCwzap.2","action":"Commit Response", "result":"SYNCER_OK"}
{"logTime": "0223/165244", "correlationVector":"U8FU139F0Yr3avdREf6j2X","action":"Commit Request", "result":""}
{"logTime": "0223/165244", "correlationVector":"U8FU139F0Yr3avdREf6j2X.1","action":"SyncServerConnectionManagerRequest", "result":"SYNC_SERVER_OK", "context":{"environment":"48F630A6-CB1B-4CC7-86AF-0F6627234B58|103", "server":"BN3PEPF0000087A"}}
{"logTime": "0223/165244", "correlationVector":"U8FU139F0Yr3avdREf6j2X.2","action":"Commit Response", "result":"SYNCER_OK"}
{"logTime": "0223/170913", "correlationVector":"00i2nhppR9N0OENA8jmmjO.0","action":"FeedSettingFetch_homeCloud", "result":"0", "context":{}}
{"logTime": "0223/170914", "correlationVector":"976F1RB6Xyadi2fbO4fjK0.1","action":"SyncServerConnectionManagerRequest", "result":"SYNC_SERVER_OK", "context":{"environment":"48F630A6-CB1B-4CC7-86AF-0F6627234B58|106", "server":"BN3PEPF0000087A"}}
{"logTime": "0223/170915", "correlationVector":"f5VxLppxKuOJ96V0xvtyaH.1","action":"SyncServerConnectionManagerRequest", "result":"SYNC_SERVER_OK", "context":{"environment":"48F630A6-CB1B-4CC7-86AF-0F6627234B58|106", "server":"BN3PEPF0000087A"}}
{"logTime": "0223/170915", "correlationVector":"976F1RB6Xyadi2fbO4fjK0","action":"Initial GetUpdates", "result":""}
{"logTime": "0223/170916", "correlationVector":"976F1RB6Xyadi2fbO4fjK0.2","action":"GetUpdates Response", "result":"SERVER_MORE_TO_DOWNLOAD"}
{"logTime": "0223/170916", "correlationVector":"f5VxLppxKuOJ96V0xvtyaH","action":"Initial GetUpdates", "result":""}
{"logTime": "0223/170916", "correlationVector":"f5VxLppxKuOJ96V0xvtyaH.2","action":"GetUpdates Response", "result":"SYNCER_OK"}
{"logTime": "0223/170916", "correlationVector":"ig75fDtN/jojN+mrp6zW04","action":"SyncServerConnectionManagerRequest", "result":"SYNC_SERVER_OK", "context":{"environment":"", "server":""}}
{"logTime": "0223/170916", "correlationVector":"N3M0DToMAeYRuQfS5UeS8Y","action":"Normal GetUpdate request", "result":""}
{"logTime": "0223/170916", "correlationVector":"N3M0DToMAeYRuQfS5UeS8Y.1","action":"SyncServerConnectionManagerRequest", "result":"SYNC_SERVER_OK", "context":{"environment":"48F630A6-CB1B-4CC7-86AF-0F6627234B58|106", "server":"BN3PEPF0000087A"}}
{"logTime": "0223/170916", "correlationVector":"N3M0DToMAeYRuQfS5UeS8Y.2","action":"GetUpdates Response", "result":"SYNCER_OK"}
{"logTime": "0223/170916", "correlationVector":"17FM91E3lUHgFNcN6+RXh8","action":"Normal GetUpdate request", "result":""}
{"logTime": "0223/170916", "correlationVector":"17FM91E3lUHgFNcN6+RXh8.1","action":"SyncServerConnectionManagerRequest", "result":"SYNC_SERVER_OK", "context":{"environment":"48F630A6-CB1B-4CC7-86AF-0F6627234B58|106", "server":"BN3PEPF0000087A"}}
{"logTime": "0223/170916", "correlationVector":"17FM91E3lUHgFNcN6+RXh8.2","action":"GetUpdates Response", "result":"SYNCER_OK"}
{"logTime": "0223/182421", "correlationVector":"1x1+dbfo+dqWMjP8IwKB13.0","action":"FeedSettingFetch_homeCloud", "result":"0", "context":{}}
{"logTime": "0223/182421", "correlationVector":"1uwTD8ANh/NorTFtQ7fDQs.1","action":"SyncServerConnectionManagerRequest", "result":"SYNC_SERVER_OK", "context":{"environment":"48F630A6-CB1B-4CC7-86AF-0F6627234B58|106", "server":"BN3PEPF00000868"}}
{"logTime": "0223/182421", "correlationVector":"noJXohzDN1SAPCtOfdU8Kf.1","action":"SyncServerConnectionManagerRequest", "result":"SYNC_SERVER_OK", "context":{"environment":"48F630A6-CB1B-4CC7-86AF-0F6627234B58|106", "server":"BN3PEPF00000868"}}
{"logTime": "0223/182422", "correlationVector":"1uwTD8ANh/NorTFtQ7fDQs","action":"Initial GetUpdates", "result":""}
{"logTime": "0223/182423", "correlationVector":"1uwTD8ANh/NorTFtQ7fDQs.2","action":"GetUpdates Response", "result":"SERVER_MORE_TO_DOWNLOAD"}
{"logTime": "0223/182423", "correlationVector":"noJXohzDN1SAPCtOfdU8Kf","action":"Initial GetUpdates", "result":""}
{"logTime": "0223/182423", "correlationVector":"noJXohzDN1SAPCtOfdU8Kf.2","action":"GetUpdates Response", "result":"SYNCER_OK"}
{"logTime": "0223/182423", "correlationVector":"fgm67XH1f1b6ii0YnBXaWW","action":"SyncServerConnectionManagerRequest", "result":"SYNC_SERVER_OK", "context":{"environment":"", "server":""}}
{"logTime": "0223/182423", "correlationVector":"nnaVHo1YkGmcZgbchOQVkB","action":"Normal GetUpdate request", "result":""}
{"logTime": "0223/182423", "correlationVector":"nnaVHo1YkGmcZgbchOQVkB.1","action":"SyncServerConnectionManagerRequest", "result":"SYNC_SERVER_OK", "context":{"environment":"48F630A6-CB1B-4CC7-86AF-0F6627234B58|106", "server":"BN3PEPF00000868"}}
{"logTime": "0223/182423", "correlationVector":"nnaVHo1YkGmcZgbchOQVkB.2","action":"GetUpdates Response", "result":"SYNCER_OK"}
{"logTime": "0223/182423", "correlationVector":"nrmri5HOn+c+SI3z0/nt2F","action":"Normal GetUpdate request", "result":""}
{"logTime": "0223/182423", "correlationVector":"nrmri5HOn+c+SI3z0/nt2F.1","action":"SyncServerConnectionManagerRequest", "result":"SYNC_SERVER_OK", "context":{"environment":"48F630A6-CB1B-4CC7-86AF-0F6627234B58|106", "server":"BN3PEPF00000868"}}
{"logTime": "0223/182423", "correlationVector":"nrmri5HOn+c+SI3z0/nt2F.2","action":"GetUpdates Response", "result":"SYNCER_OK"}
{"logTime": "0223/185255", "correlationVector":"BR6UZDoV/KZ651eC79UPoc.0","action":"FeedSettingFetch_homeCloud", "result":"0", "context":{}}
{"logTime": "0223/185255", "correlationVector":"9j6f012fphUJAZzqED6Rf7.1","action":"SyncServerConnectionManagerRequest", "result":"SYNC_SERVER_OK", "context":{"environment":"48F630A6-CB1B-4CC7-86AF-0F6627234B58|106", "server":"BN3PEPF0000089E"}}
{"logTime": "0223/185255", "correlationVector":"ttmyuEj0B+k0X5tshOAdoh.1","action":"SyncServerConnectionManagerRequest", "result":"SYNC_SERVER_OK", "context":{"environment":"48F630A6-CB1B-4CC7-86AF-0F6627234B58|106", "server":"BN3PEPF0000089E"}}
{"logTime": "0223/185256", "correlationVector":"9j6f012fphUJAZzqED6Rf7","action":"Initial GetUpdates", "result":""}
{"logTime": "0223/185256", "correlationVector":"9j6f012fphUJAZzqED6Rf7.2","action":"GetUpdates Response", "result":"SERVER_MORE_TO_DOWNLOAD"}
{"logTime": "0223/185256", "correlationVector":"ttmyuEj0B+k0X5tshOAdoh","action":"Initial GetUpdates", "result":""}
{"logTime": "0223/185256", "correlationVector":"ttmyuEj0B+k0X5tshOAdoh.2","action":"GetUpdates Response", "result":"SYNCER_OK"}
{"logTime": "0223/185256", "correlationVector":"NOtukYIVhvuM6WRDzNNRiK","action":"SyncServerConnectionManagerRequest", "result":"SYNC_SERVER_OK", "context":{"environment":"", "server":""}}
{"logTime": "0223/185256", "correlationVector":"62ykDt+BxdiIuanwFiKlIr","action":"Normal GetUpdate request", "result":""}
{"logTime": "0223/185256", "correlationVector":"62ykDt+BxdiIuanwFiKlIr.1","action":"SyncServerConnectionManagerRequest", "result":"SYNC_SERVER_OK", "context":{"environment":"48F630A6-CB1B-4CC7-86AF-0F6627234B58|106", "server":"BN3PEPF0000089E"}}
{"logTime": "0223/185256", "correlationVector":"62ykDt+BxdiIuanwFiKlIr.2","action":"GetUpdates Response", "result":"SYNCER_OK"}
{"logTime": "0223/185256", "correlationVector":"1tICJ16jmp07bLUm6KMnqa","action":"Normal GetUpdate request", "result":""}
{"logTime": "0223/185256", "correlationVector":"1tICJ16jmp07bLUm6KMnqa.1","action":"SyncServerConnectionManagerRequest", "result":"SYNC_SERVER_OK", "context":{"environment":"48F630A6-CB1B-4CC7-86AF-0F6627234B58|106", "server":"BN3PEPF0000089E"}}
{"logTime": "0223/185256", "correlationVector":"1tICJ16jmp07bLUm6KMnqa.2","action":"GetUpdates Response", "result":"SYNCER_OK"}
{"logTime": "0307/010750", "correlationVector":"8OR58VPv0mYKd/d0Ss0yxa.0","action":"FeedSettingFetch_homeCloud", "result":"0", "context":{}}
{"logTime": "0307/010750", "correlationVector":"8OR58VPv0mYKd/d0Ss0yxa.0","action":"SyncServerConnectionManagerRequest", "result":"SYNC_SERVER_OK", "context":{"environment":"", "server":""}}
{"logTime": "0307/010750", "correlationVector":"wSj6kIxicQUXVELUPSw9Es.1","action":"SyncServerConnectionManagerRequest", "result":"SYNC_SERVER_OK", "context":{"environment":"48F630A6-CB1B-4CC7-86AF-0F6627234B58|106", "server":"BN3PEPF0000088F"}}
{"logTime": "0307/010751", "correlationVector":"5ornXPTVcoAZI6ObuYLLMg.1","action":"SyncServerConnectionManagerRequest", "result":"SYNC_SERVER_OK", "context":{"environment":"48F630A6-CB1B-4CC7-86AF-0F6627234B58|106", "server":"BN3PEPF0000088F"}}
{"logTime": "0307/010751", "correlationVector":"wSj6kIxicQUXVELUPSw9Es","action":"Initial GetUpdates", "result":""}
{"logTime": "0307/010751", "correlationVector":"wSj6kIxicQUXVELUPSw9Es.2","action":"GetUpdates Response", "result":"SERVER_MORE_TO_DOWNLOAD"}
{"logTime": "0307/010751", "correlationVector":"5ornXPTVcoAZI6ObuYLLMg","action":"Initial GetUpdates", "result":""}
{"logTime": "0307/010751", "correlationVector":"5ornXPTVcoAZI6ObuYLLMg.2","action":"GetUpdates Response", "result":"SYNCER_OK"}
{"logTime": "0307/010751", "correlationVector":"auhzi3cxCRw0y4nwPeyEKz","action":"Normal GetUpdate request", "result":""}
{"logTime": "0307/010751", "correlationVector":"auhzi3cxCRw0y4nwPeyEKz.1","action":"SyncServerConnectionManagerRequest", "result":"SYNC_SERVER_OK", "context":{"environment":"48F630A6-CB1B-4CC7-86AF-0F6627234B58|106", "server":"BN3PEPF0000088F"}}
{"logTime": "0307/010751", "correlationVector":"auhzi3cxCRw0y4nwPeyEKz.2","action":"GetUpdates Response", "result":"SYNCER_OK"}
{"logTime": "0307/010956", "correlationVector":"0Jfay0J7EirPivuI+HOPXk.0","action":"FeedSettingFetch_homeCloud", "result":"0", "context":{}}
{"logTime": "0307/010956", "correlationVector":"BuW4xZSKBmKyBjBganM/rp.1","action":"SyncServerConnectionManagerRequest", "result":"SYNC_SERVER_OK", "context":{"environment":"48F630A6-CB1B-4CC7-86AF-0F6627234B58|106", "server":"BN3PEPF00000869"}}
{"logTime": "0307/010956", "correlationVector":"8wozObPF1xrcyNeCvwhWvR.1","action":"SyncServerConnectionManagerRequest", "result":"SYNC_SERVER_OK", "context":{"environment":"48F630A6-CB1B-4CC7-86AF-0F6627234B58|106", "server":"BN3PEPF00000869"}}
{"logTime": "0307/010956", "correlationVector":"BuW4xZSKBmKyBjBganM/rp","action":"Initial GetUpdates", "result":""}
{"logTime": "0307/010956", "correlationVector":"BuW4xZSKBmKyBjBganM/rp.2","action":"GetUpdates Response", "result":"SERVER_MORE_TO_DOWNLOAD"}
{"logTime": "0307/010956", "correlationVector":"8wozObPF1xrcyNeCvwhWvR","action":"Initial GetUpdates", "result":""}
{"logTime": "0307/010956", "correlationVector":"8wozObPF1xrcyNeCvwhWvR.2","action":"GetUpdates Response", "result":"SYNCER_OK"}
{"logTime": "0307/010956", "correlationVector":"jF2Jh3tEO2DY3BAckoMWgy","action":"SyncServerConnectionManagerRequest", "result":"SYNC_SERVER_OK", "context":{"environment":"", "server":""}}
{"logTime": "0307/010956", "correlationVector":"aUUJSjgUaM365aWl6X7eMM","action":"Normal GetUpdate request", "result":""}
{"logTime": "0307/010956", "correlationVector":"aUUJSjgUaM365aWl6X7eMM.1","action":"SyncServerConnectionManagerRequest", "result":"SYNC_SERVER_OK", "context":{"environment":"48F630A6-CB1B-4CC7-86AF-0F6627234B58|106", "server":"BN3PEPF00000869"}}
{"logTime": "0307/010956", "correlationVector":"aUUJSjgUaM365aWl6X7eMM.2","action":"GetUpdates Response", "result":"SYNCER_OK"}
{"logTime": "0307/010956", "correlationVector":"lUprouu3uz4LBIopXls8MM","action":"Normal GetUpdate request", "result":""}
{"logTime": "0307/010956", "correlationVector":"lUprouu3uz4LBIopXls8MM.1","action":"SyncServerConnectionManagerRequest", "result":"SYNC_SERVER_OK", "context":{"environment":"48F630A6-CB1B-4CC7-86AF-0F6627234B58|106", "server":"BN3PEPF00000869"}}
{"logTime": "0307/010956", "correlationVector":"lUprouu3uz4LBIopXls8MM.2","action":"GetUpdates Response", "result":"SYNCER_OK"}
